<?xml version="1.0" encoding="UTF-8"?>
<persistence version="2.0" xmlns="http://java.sun.com/xml/ns/persistence" xmlns:xsi="http://www.w3.org/2001/XMLSchema-instance" xsi:schemaLocation="http://java.sun.com/xml/ns/persistence http://java.sun.com/xml/ns/persistence/persistence_2_0.xsd">
	<persistence-unit name="test-jpa" transaction-type="JTA">
		<jta-data-source>java:comp/env/jdbc/testDB</jta-data-source>
		<class>fr.naoj.entity.Person</class>
		<properties>
			<property name="openjpa.jdbc.SynchronizeMappings" value="add"/>
			<property name="openjpa.RuntimeUnenhancedClasses" value="supported"/>
			<property name="openjpa.Log" value="SQL=TRACE"/>
			<property name="openjpa.ConnectionFactoryProperties" value="PrettyPrint=true, PrettyPrintLineLength=72"/>
		</properties>
	</persistence-unit>
</persistence>